CubeU3dDemo/unityLibrary/build/intermediates/manifest_merge_blame_file/debug/manifest-merger-blame-debug-report.txt
1<?xml version="1.0" encoding="utf-8"?>
2<!-- GENERATED BY UNITY. REMOVE THIS COMMENT TO PREVENT OVERWRITING WHEN EXPORTING AGAIN -->
3<manifest xmlns:android="http://schemas.android.com/apk/res/android"
4    xmlns:tools="http://schemas.android.com/tools"
5    package="com.unity3d.player" >
6
7    <uses-sdk
8        android:minSdkVersion="19"
8-->src/main/AndroidManifest.xml
9        android:targetSdkVersion="29" />
9-->src/main/AndroidManifest.xml
10
11    <uses-feature android:glEsVersion="0x00020000" />
11-->src/main/AndroidManifest.xml:19:3-52
11-->src/main/AndroidManifest.xml:19:17-49
12    <uses-feature
12-->src/main/AndroidManifest.xml:20:3-88
13        android:name="android.hardware.touchscreen"
13-->src/main/AndroidManifest.xml:20:17-60
14        android:required="false" />
14-->src/main/AndroidManifest.xml:20:61-85
15    <uses-feature
15-->src/main/AndroidManifest.xml:21:3-99
16        android:name="android.hardware.touchscreen.multitouch"
16-->src/main/AndroidManifest.xml:21:17-71
17        android:required="false" />
17-->src/main/AndroidManifest.xml:21:72-96
18    <uses-feature
18-->src/main/AndroidManifest.xml:22:3-108
19        android:name="android.hardware.touchscreen.multitouch.distinct"
19-->src/main/AndroidManifest.xml:22:17-80
20        android:required="false" />
20-->src/main/AndroidManifest.xml:22:81-105
21
22    <application>
22-->src/main/AndroidManifest.xml:4:3-18:17
23        <activity
23-->src/main/AndroidManifest.xml:5:5-12:16
24            android:name="com.unity3d.player.UnityPlayerActivity"
24-->src/main/AndroidManifest.xml:5:15-68
25            android:configChanges="mcc|mnc|locale|touchscreen|keyboard|keyboardHidden|navigation|orientation|screenLayout|uiMode|screenSize|smallestScreenSize|fontScale|layoutDirection|density"
25-->src/main/AndroidManifest.xml:5:182-363
26            android:hardwareAccelerated="false"
26-->src/main/AndroidManifest.xml:5:399-434
27            android:launchMode="singleTask"
27-->src/main/AndroidManifest.xml:5:150-181
28            android:resizeableActivity="false"
28-->src/main/AndroidManifest.xml:5:364-398
29            android:screenOrientation="fullSensor"
29-->src/main/AndroidManifest.xml:5:111-149
30            android:theme="@style/UnityThemeSelector" >
30-->src/main/AndroidManifest.xml:5:69-110
31            <intent-filter>
31-->src/main/AndroidManifest.xml:6:7-9:23
32                <action android:name="android.intent.action.MAIN" />
32-->src/main/AndroidManifest.xml:7:9-61
32-->src/main/AndroidManifest.xml:7:17-58
33
34                <category android:name="android.intent.category.LAUNCHER" />
34-->src/main/AndroidManifest.xml:8:9-69
34-->src/main/AndroidManifest.xml:8:19-66
35            </intent-filter>
36
37            <meta-data
37-->src/main/AndroidManifest.xml:10:7-82
38                android:name="unityplayer.UnityActivity"
38-->src/main/AndroidManifest.xml:10:18-58
39                android:value="true" />
39-->src/main/AndroidManifest.xml:10:59-79
40            <meta-data
40-->src/main/AndroidManifest.xml:11:7-78
41                android:name="android.notch_support"
41-->src/main/AndroidManifest.xml:11:18-54
42                android:value="true" />
42-->src/main/AndroidManifest.xml:11:55-75
43        </activity>
44
45        <meta-data
45-->src/main/AndroidManifest.xml:13:5-69
46            android:name="unity.splash-mode"
46-->src/main/AndroidManifest.xml:13:16-48
47            android:value="0" />
47-->src/main/AndroidManifest.xml:13:49-66
48        <meta-data
48-->src/main/AndroidManifest.xml:14:5-74
49            android:name="unity.splash-enable"
49-->src/main/AndroidManifest.xml:14:16-50
50            android:value="True" />
50-->src/main/AndroidManifest.xml:14:51-71
51        <meta-data
51-->src/main/AndroidManifest.xml:15:5-84
52            android:name="unity.allow-resizable-window"
52-->src/main/AndroidManifest.xml:15:16-59
53            android:value="False" />
53-->src/main/AndroidManifest.xml:15:60-81
54        <meta-data
54-->src/main/AndroidManifest.xml:16:5-81
55            android:name="notch.config"
55-->src/main/AndroidManifest.xml:16:16-43
56            android:value="portrait|landscape" />
56-->src/main/AndroidManifest.xml:16:44-78
57        <meta-data
57-->src/main/AndroidManifest.xml:17:5-101
58            android:name="unity.build-id"
58-->src/main/AndroidManifest.xml:17:16-45
59            android:value="d7e50ae0-7133-42f8-80f2-b88ee8a1bdc4" />
59-->src/main/AndroidManifest.xml:17:46-98
60    </application>
61
62</manifest>